
  .   ____          _            __ _ _
 /\\ / ___'_ __ _ _(_)_ __  __ _ \ \ \ \
( ( )\___ | '_ | '_| | '_ \/ _` | \ \ \ \
 \\/  ___)| |_)| | | | | || (_| |  ) ) ) )
  '  |____| .__|_| |_|_| |_\__, | / / / /
 =========|_|==============|___/=/_/_/_/

 :: Spring Boot ::                (v3.5.7)

2025-11-21T22:43:30.535-03:00  INFO 3552 --- [           main] com.techlab.crud.ArticulosApplication    : Starting ArticulosApplication v0.0.1-SNAPSHOT using Java 21.0.1 with PID 3552 (C:\Users\andro\OneDrive\Escritorio\JAVA\CRUD-springboot\target\crud-0.0.1-SNAPSHOT.jar started by andro in C:\Users\andro\OneDrive\Escritorio\JAVA\CRUD-springboot)
2025-11-21T22:43:30.540-03:00  INFO 3552 --- [           main] com.techlab.crud.ArticulosApplication    : The following 1 profile is active: "test"
2025-11-21T22:43:31.376-03:00  INFO 3552 --- [           main] .s.d.r.c.RepositoryConfigurationDelegate : Bootstrapping Spring Data JPA repositories in DEFAULT mode.
2025-11-21T22:43:31.480-03:00  INFO 3552 --- [           main] .s.d.r.c.RepositoryConfigurationDelegate : Finished Spring Data repository scanning in 93 ms. Found 4 JPA repository interfaces.
2025-11-21T22:43:32.214-03:00  INFO 3552 --- [           main] o.s.b.w.embedded.tomcat.TomcatWebServer  : Tomcat initialized with port 8080 (http)
2025-11-21T22:43:32.236-03:00  INFO 3552 --- [           main] o.apache.catalina.core.StandardService   : Starting service [Tomcat]
2025-11-21T22:43:32.236-03:00  INFO 3552 --- [           main] o.apache.catalina.core.StandardEngine    : Starting Servlet engine: [Apache Tomcat/10.1.48]
2025-11-21T22:43:32.273-03:00  INFO 3552 --- [           main] o.a.c.c.C.[Tomcat].[localhost].[/]       : Initializing Spring embedded WebApplicationContext
2025-11-21T22:43:32.276-03:00  INFO 3552 --- [           main] w.s.c.ServletWebServerApplicationContext : Root WebApplicationContext: initialization completed in 1660 ms
2025-11-21T22:43:32.534-03:00  INFO 3552 --- [           main] o.hibernate.jpa.internal.util.LogHelper  : HHH000204: Processing PersistenceUnitInfo [name: default]
2025-11-21T22:43:32.616-03:00  INFO 3552 --- [           main] org.hibernate.Version                    : HHH000412: Hibernate ORM core version 6.6.33.Final
2025-11-21T22:43:32.666-03:00  INFO 3552 --- [           main] o.h.c.internal.RegionFactoryInitiator    : HHH000026: Second-level cache disabled
2025-11-21T22:43:33.003-03:00  INFO 3552 --- [           main] o.s.o.j.p.SpringPersistenceUnitInfo      : No LoadTimeWeaver setup: ignoring JPA class transformer
2025-11-21T22:43:33.040-03:00  INFO 3552 --- [           main] com.zaxxer.hikari.HikariDataSource       : HikariPool-1 - Starting...
2025-11-21T22:43:33.303-03:00  INFO 3552 --- [           main] com.zaxxer.hikari.pool.HikariPool        : HikariPool-1 - Added connection conn0: url=jdbc:h2:mem:testdb user=SA
2025-11-21T22:43:33.305-03:00  INFO 3552 --- [           main] com.zaxxer.hikari.HikariDataSource       : HikariPool-1 - Start completed.
2025-11-21T22:43:33.325-03:00  WARN 3552 --- [           main] org.hibernate.orm.deprecation            : HHH90000025: H2Dialect does not need to be specified explicitly using 'hibernate.dialect' (remove the property setting and it will be selected by default)
2025-11-21T22:43:33.345-03:00  INFO 3552 --- [           main] org.hibernate.orm.connections.pooling    : HHH10001005: Database info:
	Database JDBC URL [Connecting through datasource 'HikariDataSource (HikariPool-1)']
	Database driver: undefined/unknown
	Database version: 2.3.232
	Autocommit mode: undefined/unknown
	Isolation level: undefined/unknown
	Minimum pool size: undefined/unknown
	Maximum pool size: undefined/unknown
2025-11-21T22:43:34.214-03:00  INFO 3552 --- [           main] o.h.e.t.j.p.i.JtaPlatformInitiator       : HHH000489: No JTA platform available (set 'hibernate.transaction.jta.platform' to enable JTA platform integration)
Hibernate: drop table if exists articulos cascade 
Hibernate: drop table if exists categorias cascade 
Hibernate: drop table if exists detalle_pedido cascade 
Hibernate: drop table if exists pedido cascade 
Hibernate: create table articulos (activo boolean not null, precio float(53), stock integer, categoria_id bigint, id bigint generated by default as identity, marca varchar(255), nombre varchar(255), primary key (id))
Hibernate: create table categorias (id bigint generated by default as identity, nombre varchar(255), primary key (id))
Hibernate: create table detalle_pedido (cantidad integer, precio_unidad float(53), articulo_id bigint, id bigint generated by default as identity, pedido_id bigint, primary key (id))
Hibernate: create table pedido (total float(53), fecha timestamp(6), id bigint generated by default as identity, cliente varchar(255), estado varchar(255), primary key (id))
Hibernate: alter table if exists articulos add constraint FKji1k64mta8mfwytpi8f57fvrc foreign key (categoria_id) references categorias
Hibernate: alter table if exists detalle_pedido add constraint FK62m751nl94jm9vrtr2ro8vqlf foreign key (articulo_id) references articulos
Hibernate: alter table if exists detalle_pedido add constraint FKgqvba9e7dildyw45u0usdj1k2 foreign key (pedido_id) references pedido
2025-11-21T22:43:34.264-03:00  INFO 3552 --- [           main] j.LocalContainerEntityManagerFactoryBean : Initialized JPA EntityManagerFactory for persistence unit 'default'
2025-11-21T22:43:34.936-03:00  WARN 3552 --- [           main] JpaBaseConfiguration$JpaWebConfiguration : spring.jpa.open-in-view is enabled by default. Therefore, database queries may be performed during view rendering. Explicitly configure spring.jpa.open-in-view to disable this warning
2025-11-21T22:43:35.270-03:00  WARN 3552 --- [           main] ion$DefaultTemplateResolverConfiguration : Cannot find template location: classpath:/templates/ (please add some templates, check your Thymeleaf configuration, or set spring.thymeleaf.check-template-location=false)
2025-11-21T22:43:35.483-03:00  INFO 3552 --- [           main] o.s.b.w.embedded.tomcat.TomcatWebServer  : Tomcat started on port 8080 (http) with context path '/'
2025-11-21T22:43:35.508-03:00  INFO 3552 --- [           main] com.techlab.crud.ArticulosApplication    : Started ArticulosApplication in 5.524 seconds (process running for 6.086)
2025-11-21T22:43:35.848-03:00  INFO 3552 --- [nio-8080-exec-1] o.a.c.c.C.[Tomcat].[localhost].[/]       : Initializing Spring DispatcherServlet 'dispatcherServlet'
2025-11-21T22:43:35.848-03:00  INFO 3552 --- [nio-8080-exec-1] o.s.web.servlet.DispatcherServlet        : Initializing Servlet 'dispatcherServlet'
2025-11-21T22:43:35.850-03:00  INFO 3552 --- [nio-8080-exec-1] o.s.web.servlet.DispatcherServlet        : Completed initialization in 0 ms
Hibernate: select a1_0.id,a1_0.activo,a1_0.categoria_id,a1_0.marca,a1_0.nombre,a1_0.precio,a1_0.stock from articulos a1_0 where a1_0.activo
